<?xml version="1.0" encoding="UTF-8"?>
<!-- Generated by org.testng.reporters.JUnitReportReporter -->
<testsuite hostname="WGC1WC57QFXF2" name="example.NewTest" tests="1" failures="0" timestamp="10 Jul 2017 13:27:16 GMT" time="9.343" errors="0">
  <testcase name="so" time="9.343" classname="example.NewTest"/>
</testsuite> <!-- example.NewTest -->
