<?xml version="1.0" encoding="UTF-8"?>
<!-- Generated by org.testng.reporters.JUnitReportReporter -->
<testsuite hostname="WGC1WC57QFXF2" name="example.NewTest" tests="1" failures="0" timestamp="7 Jul 2017 23:46:23 GMT" time="42.427" errors="0">
  <testcase name="so" time="42.427" classname="example.NewTest"/>
</testsuite> <!-- example.NewTest -->
